{"total": {"lines":{"total":2292,"covered":2126,"skipped":0,"pct":92.75},"statements":{"total":2292,"covered":2126,"skipped":0,"pct":92.75},"functions":{"total":144,"covered":124,"skipped":0,"pct":86.11},"branches":{"total":537,"covered":438,"skipped":0,"pct":81.56},"branchesTrue":{"total":0,"covered":0,"skipped":0,"pct":100}}
,"C:\\coding\\bread_tour\\src\\features\\auth\\AuthProvider.tsx": {"lines":{"total":46,"covered":41,"skipped":0,"pct":89.13},"functions":{"total":4,"covered":2,"skipped":0,"pct":50},"statements":{"total":46,"covered":41,"skipped":0,"pct":89.13},"branches":{"total":12,"covered":10,"skipped":0,"pct":83.33}}
,"C:\\coding\\bread_tour\\src\\features\\auth\\ProtectedRoute.tsx": {"lines":{"total":15,"covered":15,"skipped":0,"pct":100},"functions":{"total":1,"covered":1,"skipped":0,"pct":100},"statements":{"total":15,"covered":15,"skipped":0,"pct":100},"branches":{"total":5,"covered":5,"skipped":0,"pct":100}}
,"C:\\coding\\bread_tour\\src\\features\\auth\\auth-context.ts": {"lines":{"total":4,"covered":4,"skipped":0,"pct":100},"functions":{"total":0,"covered":0,"skipped":0,"pct":100},"statements":{"total":4,"covered":4,"skipped":0,"pct":100},"branches":{"total":0,"covered":0,"skipped":0,"pct":100}}
,"C:\\coding\\bread_tour\\src\\features\\auth\\useAuth.ts": {"lines":{"total":9,"covered":7,"skipped":0,"pct":77.77},"functions":{"total":1,"covered":1,"skipped":0,"pct":100},"statements":{"total":9,"covered":7,"skipped":0,"pct":77.77},"branches":{"total":2,"covered":1,"skipped":0,"pct":50}}
,"C:\\coding\\bread_tour\\src\\features\\collab\\ConnectedMembers.tsx": {"lines":{"total":16,"covered":16,"skipped":0,"pct":100},"functions":{"total":1,"covered":1,"skipped":0,"pct":100},"statements":{"total":16,"covered":16,"skipped":0,"pct":100},"branches":{"total":3,"covered":3,"skipped":0,"pct":100}}
,"C:\\coding\\bread_tour\\src\\features\\collab\\OfflineIndicator.tsx": {"lines":{"total":6,"covered":6,"skipped":0,"pct":100},"functions":{"total":1,"covered":1,"skipped":0,"pct":100},"statements":{"total":6,"covered":6,"skipped":0,"pct":100},"branches":{"total":4,"covered":4,"skipped":0,"pct":100}}
,"C:\\coding\\bread_tour\\src\\features\\collab\\ToastHost.tsx": {"lines":{"total":18,"covered":18,"skipped":0,"pct":100},"functions":{"total":2,"covered":2,"skipped":0,"pct":100},"statements":{"total":18,"covered":18,"skipped":0,"pct":100},"branches":{"total":6,"covered":6,"skipped":0,"pct":100}}
,"C:\\coding\\bread_tour\\src\\features\\collab\\api.ts": {"lines":{"total":67,"covered":67,"skipped":0,"pct":100},"functions":{"total":8,"covered":7,"skipped":0,"pct":87.5},"statements":{"total":67,"covered":67,"skipped":0,"pct":100},"branches":{"total":15,"covered":14,"skipped":0,"pct":93.33}}
,"C:\\coding\\bread_tour\\src\\features\\collab\\useRealtimeTour.ts": {"lines":{"total":136,"covered":133,"skipped":0,"pct":97.79},"functions":{"total":10,"covered":10,"skipped":0,"pct":100},"statements":{"total":136,"covered":133,"skipped":0,"pct":97.79},"branches":{"total":46,"covered":34,"skipped":0,"pct":73.91}}
,"C:\\coding\\bread_tour\\src\\features\\collab\\useToasts.ts": {"lines":{"total":36,"covered":36,"skipped":0,"pct":100},"functions":{"total":1,"covered":1,"skipped":0,"pct":100},"statements":{"total":36,"covered":36,"skipped":0,"pct":100},"branches":{"total":10,"covered":10,"skipped":0,"pct":100}}
,"C:\\coding\\bread_tour\\src\\features\\directions\\DirectionsPanel.tsx": {"lines":{"total":107,"covered":100,"skipped":0,"pct":93.45},"functions":{"total":6,"covered":6,"skipped":0,"pct":100},"statements":{"total":107,"covered":100,"skipped":0,"pct":93.45},"branches":{"total":22,"covered":17,"skipped":0,"pct":77.27}}
,"C:\\coding\\bread_tour\\src\\features\\directions\\api.ts": {"lines":{"total":54,"covered":54,"skipped":0,"pct":100},"functions":{"total":3,"covered":3,"skipped":0,"pct":100},"statements":{"total":54,"covered":54,"skipped":0,"pct":100},"branches":{"total":15,"covered":14,"skipped":0,"pct":93.33}}
,"C:\\coding\\bread_tour\\src\\features\\directions\\route.ts": {"lines":{"total":19,"covered":19,"skipped":0,"pct":100},"functions":{"total":3,"covered":3,"skipped":0,"pct":100},"statements":{"total":19,"covered":19,"skipped":0,"pct":100},"branches":{"total":5,"covered":5,"skipped":0,"pct":100}}
,"C:\\coding\\bread_tour\\src\\features\\map\\MapView.tsx": {"lines":{"total":139,"covered":136,"skipped":0,"pct":97.84},"functions":{"total":2,"covered":1,"skipped":0,"pct":50},"statements":{"total":139,"covered":136,"skipped":0,"pct":97.84},"branches":{"total":36,"covered":30,"skipped":0,"pct":83.33}}
,"C:\\coding\\bread_tour\\src\\features\\map\\SpotForm.tsx": {"lines":{"total":86,"covered":82,"skipped":0,"pct":95.34},"functions":{"total":6,"covered":5,"skipped":0,"pct":83.33},"statements":{"total":86,"covered":82,"skipped":0,"pct":95.34},"branches":{"total":22,"covered":20,"skipped":0,"pct":90.9}}
,"C:\\coding\\bread_tour\\src\\features\\map\\SpotList.tsx": {"lines":{"total":67,"covered":65,"skipped":0,"pct":97.01},"functions":{"total":6,"covered":5,"skipped":0,"pct":83.33},"statements":{"total":67,"covered":65,"skipped":0,"pct":97.01},"branches":{"total":15,"covered":13,"skipped":0,"pct":86.66}}
,"C:\\coding\\bread_tour\\src\\features\\map\\api.ts": {"lines":{"total":56,"covered":56,"skipped":0,"pct":100},"functions":{"total":5,"covered":5,"skipped":0,"pct":100},"statements":{"total":56,"covered":56,"skipped":0,"pct":100},"branches":{"total":13,"covered":10,"skipped":0,"pct":76.92}}
,"C:\\coding\\bread_tour\\src\\features\\map\\useSpots.ts": {"lines":{"total":41,"covered":40,"skipped":0,"pct":97.56},"functions":{"total":1,"covered":1,"skipped":0,"pct":100},"statements":{"total":41,"covered":40,"skipped":0,"pct":97.56},"branches":{"total":12,"covered":10,"skipped":0,"pct":83.33}}
,"C:\\coding\\bread_tour\\src\\features\\menu\\api.ts": {"lines":{"total":48,"covered":48,"skipped":0,"pct":100},"functions":{"total":3,"covered":3,"skipped":0,"pct":100},"statements":{"total":48,"covered":48,"skipped":0,"pct":100},"branches":{"total":14,"covered":11,"skipped":0,"pct":78.57}}
,"C:\\coding\\bread_tour\\src\\features\\stamp\\ManualCheckIn.tsx": {"lines":{"total":63,"covered":63,"skipped":0,"pct":100},"functions":{"total":5,"covered":5,"skipped":0,"pct":100},"statements":{"total":63,"covered":63,"skipped":0,"pct":100},"branches":{"total":18,"covered":17,"skipped":0,"pct":94.44}}
,"C:\\coding\\bread_tour\\src\\features\\stamp\\StampProgress.tsx": {"lines":{"total":53,"covered":51,"skipped":0,"pct":96.22},"functions":{"total":3,"covered":3,"skipped":0,"pct":100},"statements":{"total":53,"covered":51,"skipped":0,"pct":96.22},"branches":{"total":20,"covered":18,"skipped":0,"pct":90}}
,"C:\\coding\\bread_tour\\src\\features\\stamp\\StampTracker.tsx": {"lines":{"total":37,"covered":34,"skipped":0,"pct":91.89},"functions":{"total":1,"covered":1,"skipped":0,"pct":100},"statements":{"total":37,"covered":34,"skipped":0,"pct":91.89},"branches":{"total":7,"covered":6,"skipped":0,"pct":85.71}}
,"C:\\coding\\bread_tour\\src\\features\\stamp\\api.ts": {"lines":{"total":99,"covered":99,"skipped":0,"pct":100},"functions":{"total":9,"covered":9,"skipped":0,"pct":100},"statements":{"total":99,"covered":99,"skipped":0,"pct":100},"branches":{"total":22,"covered":16,"skipped":0,"pct":72.72}}
,"C:\\coding\\bread_tour\\src\\features\\stamp\\geo.ts": {"lines":{"total":72,"covered":72,"skipped":0,"pct":100},"functions":{"total":8,"covered":8,"skipped":0,"pct":100},"statements":{"total":72,"covered":72,"skipped":0,"pct":100},"branches":{"total":22,"covered":22,"skipped":0,"pct":100}}
,"C:\\coding\\bread_tour\\src\\features\\stamp\\useGeoStamp.ts": {"lines":{"total":134,"covered":128,"skipped":0,"pct":95.52},"functions":{"total":2,"covered":2,"skipped":0,"pct":100},"statements":{"total":134,"covered":128,"skipped":0,"pct":95.52},"branches":{"total":34,"covered":27,"skipped":0,"pct":79.41}}
,"C:\\coding\\bread_tour\\src\\features\\stamp\\usePendingCheckIns.ts": {"lines":{"total":37,"covered":36,"skipped":0,"pct":97.29},"functions":{"total":1,"covered":1,"skipped":0,"pct":100},"statements":{"total":37,"covered":36,"skipped":0,"pct":97.29},"branches":{"total":10,"covered":9,"skipped":0,"pct":90}}
,"C:\\coding\\bread_tour\\src\\features\\stamp\\useStamps.ts": {"lines":{"total":40,"covered":39,"skipped":0,"pct":97.5},"functions":{"total":1,"covered":1,"skipped":0,"pct":100},"statements":{"total":40,"covered":39,"skipped":0,"pct":97.5},"branches":{"total":11,"covered":10,"skipped":0,"pct":90.9}}
,"C:\\coding\\bread_tour\\src\\features\\tour\\api.ts": {"lines":{"total":98,"covered":97,"skipped":0,"pct":98.97},"functions":{"total":11,"covered":11,"skipped":0,"pct":100},"statements":{"total":98,"covered":97,"skipped":0,"pct":98.97},"branches":{"total":29,"covered":18,"skipped":0,"pct":62.06}}
,"C:\\coding\\bread_tour\\src\\hooks\\useTours.ts": {"lines":{"total":74,"covered":69,"skipped":0,"pct":93.24},"functions":{"total":2,"covered":2,"skipped":0,"pct":100},"statements":{"total":74,"covered":69,"skipped":0,"pct":93.24},"branches":{"total":19,"covered":15,"skipped":0,"pct":78.94}}
,"C:\\coding\\bread_tour\\src\\pages\\InviteAccept.tsx": {"lines":{"total":55,"covered":52,"skipped":0,"pct":94.54},"functions":{"total":3,"covered":3,"skipped":0,"pct":100},"statements":{"total":55,"covered":52,"skipped":0,"pct":94.54},"branches":{"total":9,"covered":5,"skipped":0,"pct":55.55}}
,"C:\\coding\\bread_tour\\src\\pages\\Login.tsx": {"lines":{"total":72,"covered":66,"skipped":0,"pct":91.66},"functions":{"total":5,"covered":4,"skipped":0,"pct":80},"statements":{"total":72,"covered":66,"skipped":0,"pct":91.66},"branches":{"total":14,"covered":8,"skipped":0,"pct":57.14}}
,"C:\\coding\\bread_tour\\src\\pages\\TourCreate.tsx": {"lines":{"total":56,"covered":56,"skipped":0,"pct":100},"functions":{"total":3,"covered":3,"skipped":0,"pct":100},"statements":{"total":56,"covered":56,"skipped":0,"pct":100},"branches":{"total":11,"covered":9,"skipped":0,"pct":81.81}}
,"C:\\coding\\bread_tour\\src\\pages\\TourDetail.tsx": {"lines":{"total":390,"covered":279,"skipped":0,"pct":71.53},"functions":{"total":21,"covered":9,"skipped":0,"pct":42.85},"statements":{"total":390,"covered":279,"skipped":0,"pct":71.53},"branches":{"total":44,"covered":31,"skipped":0,"pct":70.45}}
,"C:\\coding\\bread_tour\\src\\pages\\TourList.tsx": {"lines":{"total":42,"covered":42,"skipped":0,"pct":100},"functions":{"total":5,"covered":4,"skipped":0,"pct":80},"statements":{"total":42,"covered":42,"skipped":0,"pct":100},"branches":{"total":10,"covered":10,"skipped":0,"pct":100}}
}
